# JRE version: OpenJDK Runtime Environment AdoptOpenJDK (11.0.8+10) (build 11.0.8+10)
# Java VM: OpenJDK 64-Bit Server VM AdoptOpenJDK (11.0.8+10, mixed mode, tiered, compressed oops, g1 gc, linux-amd64)
Heap:
 garbage-first heap   total 430080K, used 330047K [0x00000000d0000000, 0x0000000100000000)
  region size 1024K, 20 young (20480K), 5 survivors (5120K)
 Metaspace       used 92435K, capacity 96113K, committed 96560K, reserved 1132544K
  class space    used 12189K, capacity 13472K, committed 13616K, reserved 1048576K
GC Heap History (20 events):
Event: 14282.309 GC heap before
{Heap before GC invocations=613 (full 13):
 garbage-first heap   total 430080K, used 296463K [0x00000000d0000000, 0x0000000100000000)
  region size 1024K, 70 young (71680K), 19 survivors (19456K)
 Metaspace       used 91984K, capacity 95475K, committed 96560K, reserved 1132544K
  class space    used 12087K, capacity 13283K, committed 13616K, reserved 1048576K
}
Event: 14282.344 GC heap after
{Heap after GC invocations=614 (full 13):
 garbage-first heap   total 430080K, used 253892K [0x00000000d0000000, 0x0000000100000000)
  region size 1024K, 8 young (8192K), 8 survivors (8192K)
 Metaspace       used 91984K, capacity 95475K, committed 96560K, reserved 1132544K
  class space    used 12087K, capacity 13283K, committed 13616K, reserved 1048576K
}
Event: 14283.123 GC heap before
{Heap before GC invocations=614 (full 13):
 garbage-first heap   total 430080K, used 341956K [0x00000000d0000000, 0x0000000100000000)
  region size 1024K, 88 young (90112K), 8 survivors (8192K)
 Metaspace       used 91984K, capacity 95475K, committed 96560K, reserved 1132544K
  class space    used 12087K, capacity 13283K, committed 13616K, reserved 1048576K
}
Event: 14283.160 GC heap after
{Heap after GC invocations=615 (full 13):
 garbage-first heap   total 430080K, used 263216K [0x00000000d0000000, 0x0000000100000000)
  region size 1024K, 10 young (10240K), 10 survivors (10240K)
 Metaspace       used 91984K, capacity 95475K, committed 96560K, reserved 1132544K
  class space    used 12087K, capacity 13283K, committed 13616K, reserved 1048576K
}
Event: 14283.956 GC heap before
{Heap before GC invocations=616 (full 13):
 garbage-first heap   total 430080K, used 344112K [0x00000000d0000000, 0x0000000100000000)
  region size 1024K, 89 young (91136K), 10 survivors (10240K)
 Metaspace       used 91984K, capacity 95475K, committed 96560K, reserved 1132544K
  class space    used 12087K, capacity 13283K, committed 13616K, reserved 1048576K
}
Event: 14283.990 GC heap after
{Heap after GC invocations=617 (full 13):
 garbage-first heap   total 430080K, used 271244K [0x00000000d0000000, 0x0000000100000000)
  region size 1024K, 9 young (9216K), 9 survivors (9216K)
 Metaspace       used 91984K, capacity 95475K, committed 96560K, reserved 1132544K
  class space    used 12087K, capacity 13283K, committed 13616K, reserved 1048576K
}
Event: 14284.131 GC heap before
{Heap before GC invocations=617 (full 13):
 garbage-first heap   total 430080K, used 282508K [0x00000000d0000000, 0x0000000100000000)
  region size 1024K, 21 young (21504K), 9 survivors (9216K)
 Metaspace       used 91984K, capacity 95475K, committed 96560K, reserved 1132544K
  class space    used 12087K, capacity 13283K, committed 13616K, reserved 1048576K
}
Event: 14284.152 GC heap after
{Heap after GC invocations=618 (full 13):
 garbage-first heap   total 430080K, used 272196K [0x00000000d0000000, 0x0000000100000000)
  region size 1024K, 3 young (3072K), 3 survivors (3072K)
 Metaspace       used 91984K, capacity 95475K, committed 96560K, reserved 1132544K
  class space    used 12087K, capacity 13283K, committed 13616K, reserved 1048576K
}
Event: 14285.035 GC heap before
{Heap before GC invocations=618 (full 13):
 garbage-first heap   total 430080K, used 350020K [0x00000000d0000000, 0x0000000100000000)
  region size 1024K, 79 young (80896K), 3 survivors (3072K)
 Metaspace       used 91984K, capacity 95475K, committed 96560K, reserved 1132544K
  class space    used 12087K, capacity 13283K, committed 13616K, reserved 1048576K
}
Event: 14285.060 GC heap after
{Heap after GC invocations=619 (full 13):
 garbage-first heap   total 430080K, used 282632K [0x00000000d0000000, 0x0000000100000000)
  region size 1024K, 10 young (10240K), 10 survivors (10240K)
 Metaspace       used 91984K, capacity 95475K, committed 96560K, reserved 1132544K
  class space    used 12087K, capacity 13283K, committed 13616K, reserved 1048576K
}
Event: 14285.633 GC heap before
{Heap before GC invocations=619 (full 13):
 garbage-first heap   total 430080K, used 355336K [0x00000000d0000000, 0x0000000100000000)
  region size 1024K, 81 young (82944K), 10 survivors (10240K)
 Metaspace       used 91984K, capacity 95475K, committed 96560K, reserved 1132544K
  class space    used 12087K, capacity 13283K, committed 13616K, reserved 1048576K
}
Event: 14285.685 GC heap after
{Heap after GC invocations=620 (full 13):
 garbage-first heap   total 430080K, used 293129K [0x00000000d0000000, 0x0000000100000000)
  region size 1024K, 10 young (10240K), 10 survivors (10240K)
 Metaspace       used 91984K, capacity 95475K, committed 96560K, reserved 1132544K
  class space    used 12087K, capacity 13283K, committed 13616K, reserved 1048576K
}
Event: 14286.164 GC heap before
{Heap before GC invocations=621 (full 13):
 garbage-first heap   total 430080K, used 360713K [0x00000000d0000000, 0x0000000100000000)
  region size 1024K, 76 young (77824K), 10 survivors (10240K)
 Metaspace       used 91984K, capacity 95475K, committed 96560K, reserved 1132544K
  class space    used 12087K, capacity 13283K, committed 13616K, reserved 1048576K
}
Event: 14286.197 GC heap after
{Heap after GC invocations=622 (full 13):
 garbage-first heap   total 430080K, used 304055K [0x00000000d0000000, 0x0000000100000000)
  region size 1024K, 10 young (10240K), 10 survivors (10240K)
 Metaspace       used 91984K, capacity 95475K, committed 96560K, reserved 1132544K
  class space    used 12087K, capacity 13283K, committed 13616K, reserved 1048576K
}
Event: 14286.335 GC heap before
{Heap before GC invocations=622 (full 13):
 garbage-first heap   total 430080K, used 315319K [0x00000000d0000000, 0x0000000100000000)
  region size 1024K, 21 young (21504K), 10 survivors (10240K)
 Metaspace       used 91984K, capacity 95475K, committed 96560K, reserved 1132544K
  class space    used 12087K, capacity 13283K, committed 13616K, reserved 1048576K
}
Event: 14286.363 GC heap after
{Heap after GC invocations=623 (full 13):
 garbage-first heap   total 430080K, used 301014K [0x00000000d0000000, 0x0000000100000000)
  region size 1024K, 3 young (3072K), 3 survivors (3072K)
 Metaspace       used 91984K, capacity 95475K, committed 96560K, reserved 1132544K
  class space    used 12087K, capacity 13283K, committed 13616K, reserved 1048576K
}
Event: 14287.067 GC heap before
{Heap before GC invocations=623 (full 13):
 garbage-first heap   total 430080K, used 363478K [0x00000000d0000000, 0x0000000100000000)
  region size 1024K, 64 young (65536K), 3 survivors (3072K)
 Metaspace       used 91984K, capacity 95475K, committed 96560K, reserved 1132544K
  class space    used 12087K, capacity 13283K, committed 13616K, reserved 1048576K
}
Event: 14287.090 GC heap after
{Heap after GC invocations=624 (full 13):
 garbage-first heap   total 430080K, used 308837K [0x00000000d0000000, 0x0000000100000000)
  region size 1024K, 8 young (8192K), 8 survivors (8192K)
 Metaspace       used 91984K, capacity 95475K, committed 96560K, reserved 1132544K
  class space    used 12087K, capacity 13283K, committed 13616K, reserved 1048576K
}
Event: 14322.415 GC heap before
{Heap before GC invocations=625 (full 13):
 garbage-first heap   total 430080K, used 372325K [0x00000000d0000000, 0x0000000100000000)
  region size 1024K, 65 young (66560K), 8 survivors (8192K)
 Metaspace       used 92409K, capacity 96113K, committed 96560K, reserved 1132544K
  class space    used 12187K, capacity 13472K, committed 13616K, reserved 1048576K
}
Event: 14322.454 GC heap after
{Heap after GC invocations=626 (full 13):
 garbage-first heap   total 430080K, used 315711K [0x00000000d0000000, 0x0000000100000000)
  region size 1024K, 5 young (5120K), 5 survivors (5120K)
 Metaspace       used 92409K, capacity 96113K, committed 96560K, reserved 1132544K
  class space    used 12187K, capacity 13472K, committed 13616K, reserved 1048576K
}

