# JRE version: OpenJDK Runtime Environment AdoptOpenJDK (11.0.9+11) (build 11.0.9+11)
# Java VM: OpenJDK 64-Bit Server VM AdoptOpenJDK (11.0.9+11, mixed mode, tiered, compressed oops, g1 gc, linux-amd64)
Heap:
 garbage-first heap   total 442368K, used 181031K [0x00000000d0000000, 0x0000000100000000)
  region size 1024K, 65 young (66560K), 1 survivors (1024K)
 Metaspace       used 70690K, capacity 74015K, committed 74288K, reserved 1114112K
  class space    used 9414K, capacity 10579K, committed 10624K, reserved 1048576K
GC Heap History (20 events):
Event: 41.492 GC heap before
{Heap before GC invocations=42 (full 0):
 garbage-first heap   total 442368K, used 316137K [0x00000000d0000000, 0x0000000100000000)
  region size 1024K, 117 young (119808K), 2 survivors (2048K)
 Metaspace       used 56267K, capacity 59164K, committed 59312K, reserved 1101824K
  class space    used 6841K, capacity 7910K, committed 7936K, reserved 1048576K
}
Event: 41.503 GC heap after
{Heap after GC invocations=43 (full 0):
 garbage-first heap   total 442368K, used 198484K [0x00000000d0000000, 0x0000000100000000)
  region size 1024K, 2 young (2048K), 2 survivors (2048K)
 Metaspace       used 56267K, capacity 59164K, committed 59312K, reserved 1101824K
  class space    used 6841K, capacity 7910K, committed 7936K, reserved 1048576K
}
Event: 45.631 GC heap before
{Heap before GC invocations=43 (full 0):
 garbage-first heap   total 442368K, used 324436K [0x00000000d0000000, 0x0000000100000000)
  region size 1024K, 126 young (129024K), 2 survivors (2048K)
 Metaspace       used 57434K, capacity 60484K, committed 60592K, reserved 1101824K
  class space    used 7053K, capacity 8094K, committed 8192K, reserved 1048576K
}
Event: 45.645 GC heap after
{Heap after GC invocations=44 (full 0):
 garbage-first heap   total 442368K, used 200762K [0x00000000d0000000, 0x0000000100000000)
  region size 1024K, 5 young (5120K), 5 survivors (5120K)
 Metaspace       used 57434K, capacity 60484K, committed 60592K, reserved 1101824K
  class space    used 7053K, capacity 8094K, committed 8192K, reserved 1048576K
}
Event: 49.238 GC heap before
{Heap before GC invocations=44 (full 0):
 garbage-first heap   total 442368K, used 330810K [0x00000000d0000000, 0x0000000100000000)
  region size 1024K, 132 young (135168K), 5 survivors (5120K)
 Metaspace       used 58569K, capacity 61549K, committed 61744K, reserved 1103872K
  class space    used 7236K, capacity 8274K, committed 8320K, reserved 1048576K
}
Event: 49.261 GC heap after
{Heap after GC invocations=45 (full 0):
 garbage-first heap   total 442368K, used 201952K [0x00000000d0000000, 0x0000000100000000)
  region size 1024K, 6 young (6144K), 6 survivors (6144K)
 Metaspace       used 58569K, capacity 61549K, committed 61744K, reserved 1103872K
  class space    used 7236K, capacity 8274K, committed 8320K, reserved 1048576K
}
Event: 55.036 GC heap before
{Heap before GC invocations=45 (full 0):
 garbage-first heap   total 442368K, used 340192K [0x00000000d0000000, 0x0000000100000000)
  region size 1024K, 141 young (144384K), 6 survivors (6144K)
 Metaspace       used 58588K, capacity 61552K, committed 61744K, reserved 1103872K
  class space    used 7236K, capacity 8275K, committed 8320K, reserved 1048576K
}
Event: 55.056 GC heap after
{Heap after GC invocations=46 (full 0):
 garbage-first heap   total 442368K, used 203149K [0x00000000d0000000, 0x0000000100000000)
  region size 1024K, 7 young (7168K), 7 survivors (7168K)
 Metaspace       used 58588K, capacity 61552K, committed 61744K, reserved 1103872K
  class space    used 7236K, capacity 8275K, committed 8320K, reserved 1048576K
}
Event: 66.652 GC heap before
{Heap before GC invocations=46 (full 0):
 garbage-first heap   total 442368K, used 352653K [0x00000000d0000000, 0x0000000100000000)
  region size 1024K, 151 young (154624K), 7 survivors (7168K)
 Metaspace       used 59563K, capacity 62618K, committed 62768K, reserved 1103872K
  class space    used 7421K, capacity 8502K, committed 8576K, reserved 1048576K
}
Event: 66.672 GC heap after
{Heap after GC invocations=47 (full 0):
 garbage-first heap   total 442368K, used 201491K [0x00000000d0000000, 0x0000000100000000)
  region size 1024K, 7 young (7168K), 7 survivors (7168K)
 Metaspace       used 59563K, capacity 62618K, committed 62768K, reserved 1103872K
  class space    used 7421K, capacity 8502K, committed 8576K, reserved 1048576K
}
Event: 69.306 GC heap before
{Heap before GC invocations=47 (full 0):
 garbage-first heap   total 442368K, used 360211K [0x00000000d0000000, 0x0000000100000000)
  region size 1024K, 163 young (166912K), 7 survivors (7168K)
 Metaspace       used 63467K, capacity 66475K, committed 66736K, reserved 1105920K
  class space    used 8300K, capacity 9351K, committed 9472K, reserved 1048576K
}
Event: 69.342 GC heap after
{Heap after GC invocations=48 (full 0):
 garbage-first heap   total 442368K, used 213055K [0x00000000d0000000, 0x0000000100000000)
  region size 1024K, 17 young (17408K), 17 survivors (17408K)
 Metaspace       used 63467K, capacity 66475K, committed 66736K, reserved 1105920K
  class space    used 8300K, capacity 9351K, committed 9472K, reserved 1048576K
}
Event: 170.086 GC heap before
{Heap before GC invocations=48 (full 0):
 garbage-first heap   total 442368K, used 333887K [0x00000000d0000000, 0x0000000100000000)
  region size 1024K, 135 young (138240K), 17 survivors (17408K)
 Metaspace       used 66705K, capacity 69822K, committed 69936K, reserved 1110016K
  class space    used 8880K, capacity 10033K, committed 10112K, reserved 1048576K
}
Event: 170.131 GC heap after
{Heap after GC invocations=49 (full 0):
 garbage-first heap   total 442368K, used 218155K [0x00000000d0000000, 0x0000000100000000)
  region size 1024K, 7 young (7168K), 7 survivors (7168K)
 Metaspace       used 66705K, capacity 69822K, committed 69936K, reserved 1110016K
  class space    used 8880K, capacity 10033K, committed 10112K, reserved 1048576K
}
Event: 197.736 GC heap before
{Heap before GC invocations=50 (full 0):
 garbage-first heap   total 442368K, used 309291K [0x00000000d0000000, 0x0000000100000000)
  region size 1024K, 144 young (147456K), 7 survivors (7168K)
 Metaspace       used 69078K, capacity 72240K, committed 72496K, reserved 1112064K
  class space    used 9336K, capacity 10539K, committed 10624K, reserved 1048576K
}
Event: 197.779 GC heap after
{Heap after GC invocations=51 (full 0):
 garbage-first heap   total 442368K, used 171799K [0x00000000d0000000, 0x0000000100000000)
  region size 1024K, 10 young (10240K), 10 survivors (10240K)
 Metaspace       used 69078K, capacity 72240K, committed 72496K, reserved 1112064K
  class space    used 9336K, capacity 10539K, committed 10624K, reserved 1048576K
}
Event: 197.929 GC heap before
{Heap before GC invocations=51 (full 0):
 garbage-first heap   total 442368K, used 183063K [0x00000000d0000000, 0x0000000100000000)
  region size 1024K, 21 young (21504K), 10 survivors (10240K)
 Metaspace       used 69083K, capacity 72246K, committed 72496K, reserved 1112064K
  class space    used 9337K, capacity 10540K, committed 10624K, reserved 1048576K
}
Event: 197.982 GC heap after
{Heap after GC invocations=52 (full 0):
 garbage-first heap   total 442368K, used 117274K [0x00000000d0000000, 0x0000000100000000)
  region size 1024K, 2 young (2048K), 2 survivors (2048K)
 Metaspace       used 69083K, capacity 72246K, committed 72496K, reserved 1112064K
  class space    used 9337K, capacity 10540K, committed 10624K, reserved 1048576K
}
Event: 201.459 GC heap before
{Heap before GC invocations=52 (full 0):
 garbage-first heap   total 442368K, used 136730K [0x00000000d0000000, 0x0000000100000000)
  region size 1024K, 21 young (21504K), 2 survivors (2048K)
 Metaspace       used 69474K, capacity 72697K, committed 73008K, reserved 1112064K
  class space    used 9352K, capacity 10559K, committed 10624K, reserved 1048576K
}
Event: 201.494 GC heap after
{Heap after GC invocations=53 (full 0):
 garbage-first heap   total 442368K, used 110375K [0x00000000d0000000, 0x0000000100000000)
  region size 1024K, 1 young (1024K), 1 survivors (1024K)
 Metaspace       used 69474K, capacity 72697K, committed 73008K, reserved 1112064K
  class space    used 9352K, capacity 10559K, committed 10624K, reserved 1048576K
}

