# JRE version: OpenJDK Runtime Environment AdoptOpenJDK (11.0.8+10) (build 11.0.8+10)
# Java VM: OpenJDK 64-Bit Server VM AdoptOpenJDK (11.0.8+10, mixed mode, tiered, compressed oops, g1 gc, linux-amd64)
Heap:
 garbage-first heap   total 355328K, used 279298K [0x00000000d0000000, 0x0000000100000000)
  region size 1024K, 113 young (115712K), 2 survivors (2048K)
 Metaspace       used 90004K, capacity 93383K, committed 94440K, reserved 1130496K
  class space    used 12347K, capacity 13544K, committed 13852K, reserved 1048576K
GC Heap History (20 events):
Event: 8733.554 GC heap before
{Heap before GC invocations=86 (full 1):
 garbage-first heap   total 355328K, used 277135K [0x00000000d0000000, 0x0000000100000000)
  region size 1024K, 105 young (107520K), 11 survivors (11264K)
 Metaspace       used 86650K, capacity 89850K, committed 91368K, reserved 1128448K
  class space    used 11462K, capacity 12527K, committed 13084K, reserved 1048576K
}
Event: 8733.591 GC heap after
{Heap after GC invocations=87 (full 1):
 garbage-first heap   total 355328K, used 189071K [0x00000000d0000000, 0x0000000100000000)
  region size 1024K, 9 young (9216K), 9 survivors (9216K)
 Metaspace       used 86650K, capacity 89850K, committed 91368K, reserved 1128448K
  class space    used 11462K, capacity 12527K, committed 13084K, reserved 1048576K
}
Event: 8733.624 GC heap before
{Heap before GC invocations=87 (full 1):
 garbage-first heap   total 355328K, used 197263K [0x00000000d0000000, 0x0000000100000000)
  region size 1024K, 17 young (17408K), 9 survivors (9216K)
 Metaspace       used 86650K, capacity 89850K, committed 91368K, reserved 1128448K
  class space    used 11462K, capacity 12527K, committed 13084K, reserved 1048576K
}
Event: 8733.659 GC heap after
{Heap after GC invocations=88 (full 1):
 garbage-first heap   total 355328K, used 166566K [0x00000000d0000000, 0x0000000100000000)
  region size 1024K, 3 young (3072K), 3 survivors (3072K)
 Metaspace       used 86650K, capacity 89850K, committed 91368K, reserved 1128448K
  class space    used 11462K, capacity 12527K, committed 13084K, reserved 1048576K
}
Event: 8734.363 GC heap before
{Heap before GC invocations=88 (full 1):
 garbage-first heap   total 355328K, used 275110K [0x00000000d0000000, 0x0000000100000000)
  region size 1024K, 109 young (111616K), 3 survivors (3072K)
 Metaspace       used 88599K, capacity 91926K, committed 93032K, reserved 1128448K
  class space    used 12200K, capacity 13347K, committed 13724K, reserved 1048576K
}
Event: 8734.390 GC heap after
{Heap after GC invocations=89 (full 1):
 garbage-first heap   total 355328K, used 174629K [0x00000000d0000000, 0x0000000100000000)
  region size 1024K, 11 young (11264K), 11 survivors (11264K)
 Metaspace       used 88599K, capacity 91926K, committed 93032K, reserved 1128448K
  class space    used 12200K, capacity 13347K, committed 13724K, reserved 1048576K
}
Event: 8747.591 GC heap before
{Heap before GC invocations=90 (full 1):
 garbage-first heap   total 355328K, used 281125K [0x00000000d0000000, 0x0000000100000000)
  region size 1024K, 115 young (117760K), 11 survivors (11264K)
 Metaspace       used 89056K, capacity 92384K, committed 93672K, reserved 1128448K
  class space    used 12272K, capacity 13413K, committed 13852K, reserved 1048576K
}
Event: 8747.624 GC heap after
{Heap after GC invocations=91 (full 1):
 garbage-first heap   total 355328K, used 172756K [0x00000000d0000000, 0x0000000100000000)
  region size 1024K, 9 young (9216K), 9 survivors (9216K)
 Metaspace       used 89056K, capacity 92384K, committed 93672K, reserved 1128448K
  class space    used 12272K, capacity 13413K, committed 13852K, reserved 1048576K
}
Event: 8747.698 GC heap before
{Heap before GC invocations=91 (full 1):
 garbage-first heap   total 355328K, used 179924K [0x00000000d0000000, 0x0000000100000000)
  region size 1024K, 17 young (17408K), 9 survivors (9216K)
 Metaspace       used 89056K, capacity 92384K, committed 93672K, reserved 1128448K
  class space    used 12272K, capacity 13413K, committed 13852K, reserved 1048576K
}
Event: 8747.738 GC heap after
{Heap after GC invocations=92 (full 1):
 garbage-first heap   total 355328K, used 149985K [0x00000000d0000000, 0x0000000100000000)
  region size 1024K, 2 young (2048K), 2 survivors (2048K)
 Metaspace       used 89056K, capacity 92384K, committed 93672K, reserved 1128448K
  class space    used 12272K, capacity 13413K, committed 13852K, reserved 1048576K
}
Event: 8754.499 GC heap before
{Heap before GC invocations=92 (full 1):
 garbage-first heap   total 355328K, used 268769K [0x00000000d0000000, 0x0000000100000000)
  region size 1024K, 119 young (121856K), 2 survivors (2048K)
 Metaspace       used 89105K, capacity 92456K, committed 93672K, reserved 1128448K
  class space    used 12275K, capacity 13414K, committed 13852K, reserved 1048576K
}
Event: 8754.530 GC heap after
{Heap after GC invocations=93 (full 1):
 garbage-first heap   total 355328K, used 163420K [0x00000000d0000000, 0x0000000100000000)
  region size 1024K, 15 young (15360K), 15 survivors (15360K)
 Metaspace       used 89105K, capacity 92456K, committed 93672K, reserved 1128448K
  class space    used 12275K, capacity 13414K, committed 13852K, reserved 1048576K
}
Event: 8773.365 GC heap before
{Heap before GC invocations=93 (full 1):
 garbage-first heap   total 355328K, used 278108K [0x00000000d0000000, 0x0000000100000000)
  region size 1024K, 127 young (130048K), 15 survivors (15360K)
 Metaspace       used 89184K, capacity 92477K, committed 93672K, reserved 1128448K
  class space    used 12277K, capacity 13418K, committed 13852K, reserved 1048576K
}
Event: 8773.375 GC heap after
{Heap after GC invocations=94 (full 1):
 garbage-first heap   total 355328K, used 151354K [0x00000000d0000000, 0x0000000100000000)
  region size 1024K, 3 young (3072K), 3 survivors (3072K)
 Metaspace       used 89184K, capacity 92477K, committed 93672K, reserved 1128448K
  class space    used 12277K, capacity 13418K, committed 13852K, reserved 1048576K
}
Event: 8840.362 GC heap before
{Heap before GC invocations=95 (full 1):
 garbage-first heap   total 355328K, used 276282K [0x00000000d0000000, 0x0000000100000000)
  region size 1024K, 125 young (128000K), 3 survivors (3072K)
 Metaspace       used 89446K, capacity 92729K, committed 93928K, reserved 1130496K
  class space    used 12286K, capacity 13456K, committed 13852K, reserved 1048576K
}
Event: 8840.386 GC heap after
{Heap after GC invocations=96 (full 1):
 garbage-first heap   total 355328K, used 160255K [0x00000000d0000000, 0x0000000100000000)
  region size 1024K, 12 young (12288K), 12 survivors (12288K)
 Metaspace       used 89446K, capacity 92729K, committed 93928K, reserved 1130496K
  class space    used 12286K, capacity 13456K, committed 13852K, reserved 1048576K
}
Event: 8842.925 GC heap before
{Heap before GC invocations=96 (full 1):
 garbage-first heap   total 355328K, used 165375K [0x00000000d0000000, 0x0000000100000000)
  region size 1024K, 17 young (17408K), 12 survivors (12288K)
 Metaspace       used 89497K, capacity 92857K, committed 94184K, reserved 1130496K
  class space    used 12292K, capacity 13456K, committed 13852K, reserved 1048576K
}
Event: 8842.944 GC heap after
{Heap after GC invocations=97 (full 1):
 garbage-first heap   total 355328K, used 160856K [0x00000000d0000000, 0x0000000100000000)
  region size 1024K, 2 young (2048K), 2 survivors (2048K)
 Metaspace       used 89497K, capacity 92857K, committed 94184K, reserved 1130496K
  class space    used 12292K, capacity 13456K, committed 13852K, reserved 1048576K
}
Event: 9261.186 GC heap before
{Heap before GC invocations=97 (full 1):
 garbage-first heap   total 355328K, used 281688K [0x00000000d0000000, 0x0000000100000000)
  region size 1024K, 120 young (122880K), 2 survivors (2048K)
 Metaspace       used 89795K, capacity 93179K, committed 94440K, reserved 1130496K
  class space    used 12315K, capacity 13498K, committed 13852K, reserved 1048576K
}
Event: 9261.201 GC heap after
{Heap after GC invocations=98 (full 1):
 garbage-first heap   total 355328K, used 160514K [0x00000000d0000000, 0x0000000100000000)
  region size 1024K, 2 young (2048K), 2 survivors (2048K)
 Metaspace       used 89795K, capacity 93179K, committed 94440K, reserved 1130496K
  class space    used 12315K, capacity 13498K, committed 13852K, reserved 1048576K
}

