# JRE version: OpenJDK Runtime Environment AdoptOpenJDK (11.0.8+10) (build 11.0.8+10)
# Java VM: OpenJDK 64-Bit Server VM AdoptOpenJDK (11.0.8+10, mixed mode, tiered, compressed oops, g1 gc, linux-amd64)
Heap:
 garbage-first heap   total 414720K, used 160901K [0x00000000d0000000, 0x0000000100000000)
  region size 1024K, 26 young (26624K), 5 survivors (5120K)
 Metaspace       used 91831K, capacity 95204K, committed 96380K, reserved 1132544K
  class space    used 12175K, capacity 13310K, committed 13696K, reserved 1048576K
GC Heap History (20 events):
Event: 9410.600 GC heap before
{Heap before GC invocations=139 (full 11):
 garbage-first heap   total 414720K, used 272608K [0x00000000d0000000, 0x0000000100000000)
  region size 1024K, 144 young (147456K), 8 survivors (8192K)
 Metaspace       used 89441K, capacity 92600K, committed 94204K, reserved 1130496K
  class space    used 11718K, capacity 12813K, committed 13312K, reserved 1048576K
}
Event: 9410.855 GC heap after
{Heap after GC invocations=140 (full 12):
 garbage-first heap   total 414720K, used 126775K [0x00000000d0000000, 0x0000000100000000)
  region size 1024K, 0 young (0K), 0 survivors (0K)
 Metaspace       used 89413K, capacity 92558K, committed 94204K, reserved 1130496K
  class space    used 11714K, capacity 12806K, committed 13312K, reserved 1048576K
}
Event: 9726.960 GC heap before
{Heap before GC invocations=140 (full 12):
 garbage-first heap   total 414720K, used 252727K [0x00000000d0000000, 0x0000000100000000)
  region size 1024K, 125 young (128000K), 0 survivors (0K)
 Metaspace       used 89659K, capacity 92842K, committed 94460K, reserved 1130496K
  class space    used 11755K, capacity 12856K, committed 13312K, reserved 1048576K
}
Event: 9726.983 GC heap after
{Heap after GC invocations=141 (full 12):
 garbage-first heap   total 414720K, used 135879K [0x00000000d0000000, 0x0000000100000000)
  region size 1024K, 9 young (9216K), 9 survivors (9216K)
 Metaspace       used 89659K, capacity 92842K, committed 94460K, reserved 1130496K
  class space    used 11755K, capacity 12856K, committed 13312K, reserved 1048576K
}
Event: 9791.416 GC heap before
{Heap before GC invocations=142 (full 12):
 garbage-first heap   total 414720K, used 288295K [0x00000000d0000000, 0x0000000100000000)
  region size 1024K, 162 young (165888K), 9 survivors (9216K)
 Metaspace       used 89701K, capacity 92836K, committed 94460K, reserved 1130496K
  class space    used 11761K, capacity 12851K, committed 13312K, reserved 1048576K
}
Event: 9791.609 GC heap after
{Heap after GC invocations=143 (full 13):
 garbage-first heap   total 414720K, used 126323K [0x00000000d0000000, 0x0000000100000000)
  region size 1024K, 0 young (0K), 0 survivors (0K)
 Metaspace       used 89633K, capacity 92761K, committed 94460K, reserved 1130496K
  class space    used 11758K, capacity 12846K, committed 13312K, reserved 1048576K
}
Event: 10058.041 GC heap before
{Heap before GC invocations=143 (full 13):
 garbage-first heap   total 414720K, used 205171K [0x00000000d0000000, 0x0000000100000000)
  region size 1024K, 79 young (80896K), 0 survivors (0K)
 Metaspace       used 89751K, capacity 92957K, committed 94460K, reserved 1130496K
  class space    used 11758K, capacity 12846K, committed 13312K, reserved 1048576K
}
Event: 10058.062 GC heap after
{Heap after GC invocations=144 (full 13):
 garbage-first heap   total 414720K, used 132818K [0x00000000d0000000, 0x0000000100000000)
  region size 1024K, 7 young (7168K), 7 survivors (7168K)
 Metaspace       used 89751K, capacity 92957K, committed 94460K, reserved 1130496K
  class space    used 11758K, capacity 12846K, committed 13312K, reserved 1048576K
}
Event: 10142.918 GC heap before
{Heap before GC invocations=145 (full 13):
 garbage-first heap   total 414720K, used 213770K [0x00000000d0000000, 0x0000000100000000)
  region size 1024K, 84 young (86016K), 7 survivors (7168K)
 Metaspace       used 89810K, capacity 93005K, committed 94460K, reserved 1130496K
  class space    used 11763K, capacity 12855K, committed 13312K, reserved 1048576K
}
Event: 10142.948 GC heap after
{Heap after GC invocations=146 (full 13):
 garbage-first heap   total 414720K, used 144396K [0x00000000d0000000, 0x0000000100000000)
  region size 1024K, 20 young (20480K), 20 survivors (20480K)
 Metaspace       used 89810K, capacity 93005K, committed 94460K, reserved 1130496K
  class space    used 11763K, capacity 12855K, committed 13312K, reserved 1048576K
}
Event: 10143.453 GC heap before
{Heap before GC invocations=147 (full 13):
 garbage-first heap   total 414720K, used 247761K [0x00000000d0000000, 0x0000000100000000)
  region size 1024K, 126 young (129024K), 20 survivors (20480K)
 Metaspace       used 89901K, capacity 93106K, committed 94716K, reserved 1130496K
  class space    used 11769K, capacity 12864K, committed 13312K, reserved 1048576K
}
Event: 10143.493 GC heap after
{Heap after GC invocations=148 (full 13):
 garbage-first heap   total 414720K, used 154373K [0x00000000d0000000, 0x0000000100000000)
  region size 1024K, 15 young (15360K), 15 survivors (15360K)
 Metaspace       used 89901K, capacity 93106K, committed 94716K, reserved 1130496K
  class space    used 11769K, capacity 12864K, committed 13312K, reserved 1048576K
}
Event: 10233.637 GC heap before
{Heap before GC invocations=149 (full 13):
 garbage-first heap   total 414720K, used 286469K [0x00000000d0000000, 0x0000000100000000)
  region size 1024K, 142 young (145408K), 15 survivors (15360K)
 Metaspace       used 90162K, capacity 93490K, committed 94716K, reserved 1130496K
  class space    used 11818K, capacity 12943K, committed 13312K, reserved 1048576K
}
Event: 10233.853 GC heap after
{Heap after GC invocations=150 (full 14):
 garbage-first heap   total 414720K, used 130377K [0x00000000d0000000, 0x0000000100000000)
  region size 1024K, 0 young (0K), 0 survivors (0K)
 Metaspace       used 90148K, capacity 93467K, committed 94716K, reserved 1130496K
  class space    used 11814K, capacity 12935K, committed 13312K, reserved 1048576K
}
Event: 10290.033 GC heap before
{Heap before GC invocations=150 (full 14):
 garbage-first heap   total 414720K, used 240969K [0x00000000d0000000, 0x0000000100000000)
  region size 1024K, 109 young (111616K), 0 survivors (0K)
 Metaspace       used 90446K, capacity 93716K, committed 95100K, reserved 1130496K
  class space    used 11858K, capacity 12993K, committed 13440K, reserved 1048576K
}
Event: 10290.050 GC heap after
{Heap after GC invocations=151 (full 14):
 garbage-first heap   total 414720K, used 136521K [0x00000000d0000000, 0x0000000100000000)
  region size 1024K, 6 young (6144K), 6 survivors (6144K)
 Metaspace       used 90446K, capacity 93716K, committed 95100K, reserved 1130496K
  class space    used 11858K, capacity 12993K, committed 13440K, reserved 1048576K
}
Event: 10377.580 GC heap before
{Heap before GC invocations=152 (full 14):
 garbage-first heap   total 414720K, used 300361K [0x00000000d0000000, 0x0000000100000000)
  region size 1024K, 164 young (167936K), 6 survivors (6144K)
 Metaspace       used 90585K, capacity 93923K, committed 95356K, reserved 1130496K
  class space    used 11860K, capacity 12997K, committed 13440K, reserved 1048576K
}
Event: 10377.605 GC heap after
{Heap after GC invocations=153 (full 14):
 garbage-first heap   total 414720K, used 152948K [0x00000000d0000000, 0x0000000100000000)
  region size 1024K, 20 young (20480K), 20 survivors (20480K)
 Metaspace       used 90585K, capacity 93923K, committed 95356K, reserved 1130496K
  class space    used 11860K, capacity 12997K, committed 13440K, reserved 1048576K
}
Event: 10779.516 GC heap before
{Heap before GC invocations=153 (full 14):
 garbage-first heap   total 414720K, used 317812K [0x00000000d0000000, 0x0000000100000000)
  region size 1024K, 181 young (185344K), 20 survivors (20480K)
 Metaspace       used 91800K, capacity 95134K, committed 96380K, reserved 1132544K
  class space    used 12172K, capacity 13309K, committed 13696K, reserved 1048576K
}
Event: 10779.536 GC heap after
{Heap after GC invocations=154 (full 14):
 garbage-first heap   total 414720K, used 142469K [0x00000000d0000000, 0x0000000100000000)
  region size 1024K, 5 young (5120K), 5 survivors (5120K)
 Metaspace       used 91800K, capacity 95134K, committed 96380K, reserved 1132544K
  class space    used 12172K, capacity 13309K, committed 13696K, reserved 1048576K
}

